C:\Program Files (x86)\MSBuild\Microsoft.Cpp\v4.0\V140\Microsoft.CppBuild.targets(936,5): warning MSB8027: Two or more files with the name of cMemoryBlock.cpp will produce outputs to the same location. This can lead to an incorrect build result.  The files involved are ..\..\..\common\memdatstruct\cMemoryBlock.cpp, ..\..\..\dstruct\mmemory\cMemoryBlock.cpp.
  test.cpp
d:\skola\bakalarka\pokusy\btree_test\cTable.h(53): error C2065: 'BLOCK_SIZE': undeclared identifier
d:\skola\bakalarka\pokusy\btree_test\cTable.h(53): error C2065: 'DSMODE': undeclared identifier
d:\skola\bakalarka\pokusy\btree_test\cTable.h(53): error C2065: 'COMPRESSION_RATIO': undeclared identifier
d:\skola\bakalarka\pokusy\btree_test\cTable.h(54): error C2065: 'RUNTIME_MODE': undeclared identifier
d:\skola\bakalarka\pokusy\btree_test\cTable.h(55): error C2065: 'CODETYPE': undeclared identifier
d:\skola\bakalarka\pokusy\btree_test\cTable.h(56): error C2065: 'HISTOGRAMS': undeclared identifier
d:\skola\bakalarka\pokusy\btree_test\cTable.h(57): error C2065: 'INMEMCACHE_SIZE': undeclared identifier
test.cpp(314): error C2248: 'cTable::translator': cannot access private member declared in class 'cTable'
  d:\skola\bakalarka\pokusy\btree_test\cTable.h(20): note: see declaration of 'cTable::translator'
  d:\skola\bakalarka\pokusy\btree_test\cTable.h(18): note: see declaration of 'cTable'
test.cpp(325): error C2248: 'cTable::translator': cannot access private member declared in class 'cTable'
  d:\skola\bakalarka\pokusy\btree_test\cTable.h(20): note: see declaration of 'cTable::translator'
  d:\skola\bakalarka\pokusy\btree_test\cTable.h(18): note: see declaration of 'cTable'
test.cpp(334): error C2248: 'cTable::translator': cannot access private member declared in class 'cTable'
  d:\skola\bakalarka\pokusy\btree_test\cTable.h(20): note: see declaration of 'cTable::translator'
  d:\skola\bakalarka\pokusy\btree_test\cTable.h(18): note: see declaration of 'cTable'
test.cpp(335): error C2248: 'cTable::translator': cannot access private member declared in class 'cTable'
  d:\skola\bakalarka\pokusy\btree_test\cTable.h(20): note: see declaration of 'cTable::translator'
  d:\skola\bakalarka\pokusy\btree_test\cTable.h(18): note: see declaration of 'cTable'
test.cpp(336): error C2248: 'cTable::translator': cannot access private member declared in class 'cTable'
  d:\skola\bakalarka\pokusy\btree_test\cTable.h(20): note: see declaration of 'cTable::translator'
  d:\skola\bakalarka\pokusy\btree_test\cTable.h(18): note: see declaration of 'cTable'
test.cpp(337): error C2248: 'cTable::translator': cannot access private member declared in class 'cTable'
  d:\skola\bakalarka\pokusy\btree_test\cTable.h(20): note: see declaration of 'cTable::translator'
  d:\skola\bakalarka\pokusy\btree_test\cTable.h(18): note: see declaration of 'cTable'
test.cpp(338): error C2248: 'cTable::translator': cannot access private member declared in class 'cTable'
  d:\skola\bakalarka\pokusy\btree_test\cTable.h(20): note: see declaration of 'cTable::translator'
  d:\skola\bakalarka\pokusy\btree_test\cTable.h(18): note: see declaration of 'cTable'
test.cpp(372): error C2248: 'cTable::v': cannot access private member declared in class 'cTable'
  d:\skola\bakalarka\pokusy\btree_test\cTable.h(21): note: see declaration of 'cTable::v'
  d:\skola\bakalarka\pokusy\btree_test\cTable.h(18): note: see declaration of 'cTable'
test.cpp(373): error C2248: 'cTable::mIndex': cannot access private member declared in class 'cTable'
  d:\skola\bakalarka\pokusy\btree_test\cTable.h(22): note: see declaration of 'cTable::mIndex'
  d:\skola\bakalarka\pokusy\btree_test\cTable.h(18): note: see declaration of 'cTable'
test.cpp(377): error C2248: 'cTable::v': cannot access private member declared in class 'cTable'
  d:\skola\bakalarka\pokusy\btree_test\cTable.h(21): note: see declaration of 'cTable::v'
  d:\skola\bakalarka\pokusy\btree_test\cTable.h(18): note: see declaration of 'cTable'
test.cpp(378): error C2248: 'cTable::mIndex': cannot access private member declared in class 'cTable'
  d:\skola\bakalarka\pokusy\btree_test\cTable.h(22): note: see declaration of 'cTable::mIndex'
  d:\skola\bakalarka\pokusy\btree_test\cTable.h(18): note: see declaration of 'cTable'
test.cpp(380): error C2248: 'cTable::v': cannot access private member declared in class 'cTable'
  d:\skola\bakalarka\pokusy\btree_test\cTable.h(21): note: see declaration of 'cTable::v'
  d:\skola\bakalarka\pokusy\btree_test\cTable.h(18): note: see declaration of 'cTable'
test.cpp(381): error C2248: 'cTable::mIndex': cannot access private member declared in class 'cTable'
  d:\skola\bakalarka\pokusy\btree_test\cTable.h(22): note: see declaration of 'cTable::mIndex'
  d:\skola\bakalarka\pokusy\btree_test\cTable.h(18): note: see declaration of 'cTable'
test.cpp(383): error C2248: 'cTable::v': cannot access private member declared in class 'cTable'
  d:\skola\bakalarka\pokusy\btree_test\cTable.h(21): note: see declaration of 'cTable::v'
  d:\skola\bakalarka\pokusy\btree_test\cTable.h(18): note: see declaration of 'cTable'
test.cpp(384): error C2248: 'cTable::mIndex': cannot access private member declared in class 'cTable'
  d:\skola\bakalarka\pokusy\btree_test\cTable.h(22): note: see declaration of 'cTable::mIndex'
  d:\skola\bakalarka\pokusy\btree_test\cTable.h(18): note: see declaration of 'cTable'
test.cpp(386): error C2248: 'cTable::v': cannot access private member declared in class 'cTable'
  d:\skola\bakalarka\pokusy\btree_test\cTable.h(21): note: see declaration of 'cTable::v'
  d:\skola\bakalarka\pokusy\btree_test\cTable.h(18): note: see declaration of 'cTable'
test.cpp(387): error C2248: 'cTable::mIndex': cannot access private member declared in class 'cTable'
  d:\skola\bakalarka\pokusy\btree_test\cTable.h(22): note: see declaration of 'cTable::mIndex'
  d:\skola\bakalarka\pokusy\btree_test\cTable.h(18): note: see declaration of 'cTable'
test.cpp(397): error C2248: 'cTable::v': cannot access private member declared in class 'cTable'
  d:\skola\bakalarka\pokusy\btree_test\cTable.h(21): note: see declaration of 'cTable::v'
  d:\skola\bakalarka\pokusy\btree_test\cTable.h(18): note: see declaration of 'cTable'
test.cpp(404): error C2248: 'cTable::v': cannot access private member declared in class 'cTable'
  d:\skola\bakalarka\pokusy\btree_test\cTable.h(21): note: see declaration of 'cTable::v'
  d:\skola\bakalarka\pokusy\btree_test\cTable.h(18): note: see declaration of 'cTable'
test.cpp(405): error C2248: 'cTable::mIndex': cannot access private member declared in class 'cTable'
  d:\skola\bakalarka\pokusy\btree_test\cTable.h(22): note: see declaration of 'cTable::mIndex'
  d:\skola\bakalarka\pokusy\btree_test\cTable.h(18): note: see declaration of 'cTable'
test.cpp(425): error C2248: 'cTable::mIndex': cannot access private member declared in class 'cTable'
  d:\skola\bakalarka\pokusy\btree_test\cTable.h(22): note: see declaration of 'cTable::mIndex'
  d:\skola\bakalarka\pokusy\btree_test\cTable.h(18): note: see declaration of 'cTable'
test.cpp(425): error C2248: 'cTable::mHeader': cannot access private member declared in class 'cTable'
  d:\skola\bakalarka\pokusy\btree_test\cTable.h(23): note: see declaration of 'cTable::mHeader'
  d:\skola\bakalarka\pokusy\btree_test\cTable.h(18): note: see declaration of 'cTable'
test.cpp(427): error C2248: 'cTable::mIndex': cannot access private member declared in class 'cTable'
  d:\skola\bakalarka\pokusy\btree_test\cTable.h(22): note: see declaration of 'cTable::mIndex'
  d:\skola\bakalarka\pokusy\btree_test\cTable.h(18): note: see declaration of 'cTable'
test.cpp(429): error C2248: 'cTable::mIndex': cannot access private member declared in class 'cTable'
  d:\skola\bakalarka\pokusy\btree_test\cTable.h(22): note: see declaration of 'cTable::mIndex'
  d:\skola\bakalarka\pokusy\btree_test\cTable.h(18): note: see declaration of 'cTable'
